app/build/outputs/logs/manifest-merger-debug-report.txt
-- Merging decision tree log ---
manifest
ADDED from src\main\AndroidManifest.xml:2:1-117:12
	package
		ADDED from src\main\AndroidManifest.xml:3:5-30
		INJECTED from src\main\AndroidManifest.xml
		INJECTED from src\main\AndroidManifest.xml
	android:versionName
		ADDED from src\main\AndroidManifest.xml:5:5-30
		INJECTED from src\main\AndroidManifest.xml
		INJECTED from src\main\AndroidManifest.xml
	android:versionCode
		ADDED from src\main\AndroidManifest.xml:4:5-28
		INJECTED from src\main\AndroidManifest.xml
		INJECTED from src\main\AndroidManifest.xml
	xmlns:android
		ADDED from src\main\AndroidManifest.xml:2:11-69
uses-sdk
ADDED from src\main\AndroidManifest.xml:7:5-9:41
MERGED from [com.android.support:design:23.1.1] AndroidManifest.xml:20:5-43
MERGED from [com.android.support:appcompat-v7:23.1.1] AndroidManifest.xml:20:5-43
MERGED from [com.android.support:recyclerview-v7:23.1.1] AndroidManifest.xml:20:5-43
MERGED from [com.android.support:cardview-v7:23.1.1] AndroidManifest.xml:20:5-43
MERGED from [com.google.android.gms:play-services-gcm:8.4.0] AndroidManifest.xml:18:5-42
MERGED from [com.google.android.gms:play-services-base:8.4.0] AndroidManifest.xml:18:5-42
MERGED from [com.google.android.gms:play-services-measurement:8.4.0] AndroidManifest.xml:18:5-42
MERGED from [com.google.android.gms:play-services-basement:8.4.0] AndroidManifest.xml:18:5-42
MERGED from [com.android.support:support-v4:23.1.1] AndroidManifest.xml:20:5-43
	android:targetSdkVersion
		ADDED from src\main\AndroidManifest.xml:9:9-38
		INJECTED from src\main\AndroidManifest.xml
		INJECTED from src\main\AndroidManifest.xml
	android:minSdkVersion
		ADDED from src\main\AndroidManifest.xml:8:9-34
		INJECTED from src\main\AndroidManifest.xml
		INJECTED from src\main\AndroidManifest.xml
uses-permission#android.permission.READ_OWNER_DATA
ADDED from src\main\AndroidManifest.xml:11:5-74
	android:name
		ADDED from src\main\AndroidManifest.xml:11:22-71
uses-permission#android.permission.WRITE_OWNER_DATA
ADDED from src\main\AndroidManifest.xml:12:5-75
	android:name
		ADDED from src\main\AndroidManifest.xml:12:22-72
uses-permission#android.permission.WRITE_EXTERNAL_STORAGE
ADDED from src\main\AndroidManifest.xml:13:5-81
	android:name
		ADDED from src\main\AndroidManifest.xml:13:22-78
uses-permission#android.permission.INTERNET
ADDED from src\main\AndroidManifest.xml:14:5-67
MERGED from [com.google.android.gms:play-services-gcm:8.4.0] AndroidManifest.xml:22:5-67
MERGED from [com.google.android.gms:play-services-measurement:8.4.0] AndroidManifest.xml:21:5-67
	android:name
		ADDED from src\main\AndroidManifest.xml:14:22-64
uses-permission#android.permission.ACCESS_NETWORK_STATE
ADDED from src\main\AndroidManifest.xml:15:5-79
MERGED from [com.google.android.gms:play-services-measurement:8.4.0] AndroidManifest.xml:22:5-79
	android:name
		ADDED from src\main\AndroidManifest.xml:15:22-76
uses-permission#android.permission.READ_CONTACTS
ADDED from src\main\AndroidManifest.xml:16:5-72
	android:name
		ADDED from src\main\AndroidManifest.xml:16:22-69
uses-permission#android.permission.ACCESS_FINE_LOCATION
ADDED from src\main\AndroidManifest.xml:17:5-79
	android:name
		ADDED from src\main\AndroidManifest.xml:17:22-76
uses-permission#android.permission.ACCESS_COARSE_LOCATION
ADDED from src\main\AndroidManifest.xml:18:5-81
	android:name
		ADDED from src\main\AndroidManifest.xml:18:22-78
uses-permission#android.permission.WAKE_LOCK
ADDED from src\main\AndroidManifest.xml:19:5-68
MERGED from [com.google.android.gms:play-services-measurement:8.4.0] AndroidManifest.xml:24:5-67
	android:name
		ADDED from src\main\AndroidManifest.xml:19:22-65
uses-permission#com.tk.property.permission.BROADCAST_BADGE
ADDED from src\main\AndroidManifest.xml:20:5-82
	android:name
		ADDED from src\main\AndroidManifest.xml:20:22-79
uses-permission#com.tk.property.permission.INTERACT_ACROSS_USERS_FULL
ADDED from src\main\AndroidManifest.xml:21:5-93
	android:name
		ADDED from src\main\AndroidManifest.xml:21:22-90
permission#com.tk.property.permission.C2D_MESSAGE
ADDED from src\main\AndroidManifest.xml:23:5-25:47
	android:protectionLevel
		ADDED from src\main\AndroidManifest.xml:25:9-44
	android:name
		ADDED from src\main\AndroidManifest.xml:24:9-62
uses-permission#com.google.android.c2dm.permission.RECEIVE
ADDED from src\main\AndroidManifest.xml:27:5-82
MERGED from [com.google.android.gms:play-services-gcm:8.4.0] AndroidManifest.xml:21:5-82
	android:name
		ADDED from src\main\AndroidManifest.xml:27:22-79
application
ADDED from src\main\AndroidManifest.xml:29:5-115:19
MERGED from [com.android.support:design:23.1.1] AndroidManifest.xml:22:5-20
MERGED from [com.android.support:appcompat-v7:23.1.1] AndroidManifest.xml:22:5-20
MERGED from [com.android.support:cardview-v7:23.1.1] AndroidManifest.xml:22:5-20
MERGED from [com.google.android.gms:play-services-gcm:8.4.0] AndroidManifest.xml:24:5-20
MERGED from [com.google.android.gms:play-services-measurement:8.4.0] AndroidManifest.xml:26:5-46:19
MERGED from [com.google.android.gms:play-services-basement:8.4.0] AndroidManifest.xml:20:5-24:19
MERGED from [com.android.support:support-v4:23.1.1] AndroidManifest.xml:22:5-20
	android:label
		ADDED from src\main\AndroidManifest.xml:32:9-41
	android:allowBackup
		ADDED from src\main\AndroidManifest.xml:30:9-35
	android:icon
		ADDED from src\main\AndroidManifest.xml:31:9-45
	android:theme
		ADDED from src\main\AndroidManifest.xml:33:9-40
activity#com.tk.property.FccSplash
ADDED from src\main\AndroidManifest.xml:34:9-43:20
	android:screenOrientation
		ADDED from src\main\AndroidManifest.xml:37:13-45
	android:label
		ADDED from src\main\AndroidManifest.xml:36:13-45
	android:name
		ADDED from src\main\AndroidManifest.xml:35:13-53
intent-filter#android.intent.action.MAIN+android.intent.category.LAUNCHER
ADDED from src\main\AndroidManifest.xml:38:13-42:29
action#android.intent.action.MAIN
ADDED from src\main\AndroidManifest.xml:39:17-69
	android:name
		ADDED from src\main\AndroidManifest.xml:39:25-66
category#android.intent.category.LAUNCHER
ADDED from src\main\AndroidManifest.xml:41:17-77
	android:name
		ADDED from src\main\AndroidManifest.xml:41:27-74
activity#com.tk.property.FccMainview
ADDED from src\main\AndroidManifest.xml:44:9-53:20
	android:label
		ADDED from src\main\AndroidManifest.xml:47:13-45
	android:configChanges
		ADDED from src\main\AndroidManifest.xml:46:13-122
	android:name
		ADDED from src\main\AndroidManifest.xml:45:13-55
intent-filter#android.intent.action.VIEW+android.intent.category.LAUNCHER
ADDED from src\main\AndroidManifest.xml:48:13-52:29
action#android.intent.action.VIEW
ADDED from src\main\AndroidManifest.xml:49:17-69
	android:name
		ADDED from src\main\AndroidManifest.xml:49:25-66
activity#com.tk.property.VideoCapture
ADDED from src\main\AndroidManifest.xml:54:9-63:20
	android:label
		ADDED from src\main\AndroidManifest.xml:57:13-45
	android:configChanges
		ADDED from src\main\AndroidManifest.xml:56:13-122
	android:name
		ADDED from src\main\AndroidManifest.xml:55:13-56
activity#com.tk.property.Registration
ADDED from src\main\AndroidManifest.xml:64:9-73:20
	android:label
		ADDED from src\main\AndroidManifest.xml:67:13-45
	android:configChanges
		ADDED from src\main\AndroidManifest.xml:66:13-122
	android:name
		ADDED from src\main\AndroidManifest.xml:65:13-56
activity#com.tk.property.TestMonials
ADDED from src\main\AndroidManifest.xml:74:9-83:20
	android:label
		ADDED from src\main\AndroidManifest.xml:77:13-45
	android:configChanges
		ADDED from src\main\AndroidManifest.xml:76:13-122
	android:name
		ADDED from src\main\AndroidManifest.xml:75:13-55
activity#com.tk.property.NewsAct
ADDED from src\main\AndroidManifest.xml:84:9-93:20
	android:label
		ADDED from src\main\AndroidManifest.xml:87:13-45
	android:configChanges
		ADDED from src\main\AndroidManifest.xml:86:13-122
	android:name
		ADDED from src\main\AndroidManifest.xml:85:13-51
activity#com.tk.property.ProductPurchage
ADDED from src\main\AndroidManifest.xml:94:9-103:20
	android:label
		ADDED from src\main\AndroidManifest.xml:97:13-45
	android:configChanges
		ADDED from src\main\AndroidManifest.xml:96:13-122
	android:name
		ADDED from src\main\AndroidManifest.xml:95:13-59
receiver#com.tk.property.services.GcmBroadcastReceiver
ADDED from src\main\AndroidManifest.xml:104:9-113:20
	android:permission
		ADDED from src\main\AndroidManifest.xml:106:13-73
	android:name
		ADDED from src\main\AndroidManifest.xml:105:13-73
intent-filter#com.google.android.c2dm.intent.RECEIVE+com.google.android.c2dm.intent.REGISTRATION+com.tk.property
ADDED from src\main\AndroidManifest.xml:107:13-112:29
action#com.google.android.c2dm.intent.RECEIVE
ADDED from src\main\AndroidManifest.xml:108:17-81
	android:name
		ADDED from src\main\AndroidManifest.xml:108:25-78
action#com.google.android.c2dm.intent.REGISTRATION
ADDED from src\main\AndroidManifest.xml:109:17-86
	android:name
		ADDED from src\main\AndroidManifest.xml:109:25-83
category#com.tk.property
ADDED from src\main\AndroidManifest.xml:111:17-60
	android:name
		ADDED from src\main\AndroidManifest.xml:111:27-57
service#com.tk.property.services.GCMNotificationIntentService
ADDED from src\main\AndroidManifest.xml:114:9-89
	android:name
		ADDED from src\main\AndroidManifest.xml:114:18-86
provider#com.google.android.gms.measurement.AppMeasurementContentProvider
ADDED from [com.google.android.gms:play-services-measurement:8.4.0] AndroidManifest.xml:28:7-31:37
	android:authorities
		ADDED from [com.google.android.gms:play-services-measurement:8.4.0] AndroidManifest.xml:29:11-76
	android:exported
		ADDED from [com.google.android.gms:play-services-measurement:8.4.0] AndroidManifest.xml:31:11-35
	android:name
		ADDED from [com.google.android.gms:play-services-measurement:8.4.0] AndroidManifest.xml:30:11-90
receiver#com.google.android.gms.measurement.AppMeasurementReceiver
ADDED from [com.google.android.gms:play-services-measurement:8.4.0] AndroidManifest.xml:33:7-39:18
	android:enabled
		ADDED from [com.google.android.gms:play-services-measurement:8.4.0] AndroidManifest.xml:35:11-33
	android:name
		ADDED from [com.google.android.gms:play-services-measurement:8.4.0] AndroidManifest.xml:34:11-83
intent-filter#com.google.android.gms.measurement.UPLOAD
ADDED from [com.google.android.gms:play-services-measurement:8.4.0] AndroidManifest.xml:36:9-38:25
action#com.google.android.gms.measurement.UPLOAD
ADDED from [com.google.android.gms:play-services-measurement:8.4.0] AndroidManifest.xml:37:11-77
	android:name
		ADDED from [com.google.android.gms:play-services-measurement:8.4.0] AndroidManifest.xml:37:19-75
service#com.google.android.gms.measurement.AppMeasurementService
ADDED from [com.google.android.gms:play-services-measurement:8.4.0] AndroidManifest.xml:41:7-44:37
	android:enabled
		ADDED from [com.google.android.gms:play-services-measurement:8.4.0] AndroidManifest.xml:43:11-33
	android:exported
		ADDED from [com.google.android.gms:play-services-measurement:8.4.0] AndroidManifest.xml:44:11-35
	android:name
		ADDED from [com.google.android.gms:play-services-measurement:8.4.0] AndroidManifest.xml:42:11-82
meta-data#com.google.android.gms.version
ADDED from [com.google.android.gms:play-services-basement:8.4.0] AndroidManifest.xml:21:9-23:69
	android:value
		ADDED from [com.google.android.gms:play-services-basement:8.4.0] AndroidManifest.xml:23:13-66
	android:name
		ADDED from [com.google.android.gms:play-services-basement:8.4.0] AndroidManifest.xml:22:13-58